<?xml version="1.0" encoding="UTF-8"?>
<!-- Generated by org.testng.reporters.JUnitXMLReporter -->
<testsuite hostname="Dhruba" ignored="0" name="Validating User login" tests="4" failures="0" timestamp="2020-01-31T22:47:11 EST" time="28.916" errors="0">
  <testcase name="basePageNavigation" time="10.678" classname="Academy.HomePageTest"/>
  <testcase name="basePageNavigation" time="5.399" classname="Academy.HomePageTest"/>
  <testcase name="basePageNavigation" time="5.106" classname="Academy.HomePageTest"/>
  <testcase name="basePageNavigation" time="4.594" classname="Academy.HomePageTest"/>
</testsuite> <!-- Validating User login -->
